The current time is 2023-10-31 08:18:13.942488
Total command line arguments:1
Argument:child_proc.py
ACTIVEDIRECTORYAPPURI=api://corlife-api-management-app-dev
ACTIVEDIRECTORY_APP_URI=api://corlife-api-management-app-dev
ALLUSERSPROFILE=C:\ProgramData
APPDATA=C:\Users\saurabhd\AppData\Roaming
AZURESERVICESAUTHCONNECTIONSTRING=RunAs=Developer; DeveloperTool=AzureCli
CHOCOLATEYINSTALL=C:\ProgramData\chocolatey
CHROME_CRASHPAD_PIPE_NAME=\\.\pipe\crashpad_5984_CWYGMLJRNISLQZZU
CLASSPATH=.;
COMMONPROGRAMFILES=C:\Program Files\Common Files
COMMONPROGRAMFILES(X86)=C:\Program Files (x86)\Common Files
COMMONPROGRAMW6432=C:\Program Files\Common Files
COMPUTERNAME=SAURABHDWIN10
COMSPEC=C:\WINDOWS\system32\cmd.exe
CONFIGSETROOT=C:\WINDOWS\ConfigSetRoot
DEMOSYNAPSESERVERLESSENDPOINT=testsynapse-dev-ondemand.sql.azuresynapse.net
DRIVERDATA=C:\Windows\System32\Drivers\DriverData
ENVIRONMENT=dev
FPS_BROWSER_APP_PROFILE_STRING=Internet Explorer
FPS_BROWSER_USER_PROFILE_STRING=Default
HOMEDRIVE=C:
HOMEPATH=\Users\saurabhd
JAVA_HOME=C:\Program Files\Java\jdk1.8.0_211
LOCALAPPDATA=C:\Users\saurabhd\AppData\Local
LOGONSERVER=\\SAURABHDWIN10
MSMPI_BIN=C:\Program Files\Microsoft MPI\Bin\
NUMBER_OF_PROCESSORS=8
NVM_HOME=C:\Users\corresilience\AppData\Roaming\nvm
NVM_SYMLINK=C:\Program Files\nodejs
NVTOOLSEXT_PATH=C:\Program Files\NVIDIA Corporation\NvToolsExt\
ONEDRIVE=C:\Users\saurabhd\OneDrive
ONEDRIVECONSUMER=C:\Users\saurabhd\OneDrive
ORIGINAL_XDG_CURRENT_DESKTOP=undefined
OS=Windows_NT
PATH=C:\Users\saurabhd\MyTrials\Python\any-python\.venv\Scripts;C:\Program Files\Common Files\Microsoft Shared\Microsoft Online Services;C:\Program Files (x86)\Common Files\Microsoft Shared\Microsoft Online Services;C:\Program Files (x86)\Microsoft SDKs\Azure\CLI2\wbin;C:\Program Files\Microsoft MPI\Bin\;C:\WINDOWS\system32;C:\WINDOWS;C:\WINDOWS\System32\Wbem;C:\WINDOWS\System32\WindowsPowerShell\v1.0\;C:\Program Files\Microsoft SQL Server\130\Tools\Binn\;C:\Program Files (x86)\PDFtk Server\bin\;C:\WINDOWS\System32\OpenSSH\;C:\Program Files (x86)\NVIDIA Corporation\PhysX\Common;C:\Program Files\Git\cmd;C:\Program Files\TortoiseGit\bin;C:\Program Files\Intel\WiFi\bin\;C:\Program Files\Common Files\Intel\WirelessCommon\;C:\Users\corresilience\AppData\Local\Microsoft\WindowsApps;C:\Users\corresilience\.dotnet\tools;C:\Users\corresilience\AppData\Local\Programs\Microsoft VS Code\bin;C:\truetemp\arm-template-creator;C:\ProgramData\chocolatey\bin;C:\Program Files\Java\jdk1.8.0_211\bin;C:\Users\corresilience\AppData\Local\Yarn\bin;C:\Users\corresilience\AppData\Roaming\npm;C:\Users\corresilience\AppData\Local\Android\Sdk\platform-tools;C:\Users\corresilience\MyTrials\JIRA\1066-TDL\amt-tool\arm-template-creator;C:\Program Files (x86)\Yarn\bin\;C:\Program Files (x86)\GitExtensions\;C:\Users\corresilience\AppData\Roaming\nvm;C:\Program Files\nodejs;C:\Users\corresilience\AppData\Local\Programs\Fiddler;C:\Users\corresilience\AppData\Local\Programs\Azure Data Studio\bin;C:\Users\corresilience\source\repos\CorResilience.Mobile.Gateway\03. tools\arm-template-creator;C:\WINDOWS\system32;C:\WINDOWS;C:\WINDOWS\System32\Wbem;C:\WINDOWS\System32\WindowsPowerShell\v1.0\;C:\WINDOWS\System32\OpenSSH\;C:\Program Files\Microsoft\Azure Functions Core Tools\;C:\Program Files\nodejs\;C:\Program Files (x86)\Microsoft SQL Server\150\DTS\Binn\;C:\Program Files\Azure Data Studio\bin;C:\Program Files (x86)\Microsoft SQL Server\110\DTS\Binn\;C:\Program Files (x86)\Microsoft SQL Server\120\DTS\Binn\;C:\Program Files (x86)\Microsoft SQL Server\130\DTS\Binn\;C:\Program Files (x86)\Microsoft SQL Server\140\DTS\Binn\;C:\Program Files\Docker\Docker\resources\bin;C:\ProgramData\DockerDesktop\version-bin;C:\Program Files\dotnet\;C:\Program Files\Microsoft SQL Server\150\Tools\Binn\;C:\Program Files\Microsoft SQL Server\Client SDK\ODBC\170\Tools\Binn\;c:\Program Files (x86)\Intel\Intel(R) Management Engine Components\DAL;c:\Program Files\Intel\Intel(R) Management Engine Components\DAL;C:\Users\saurabhd\AppData\Local\Microsoft\WindowsApps;C:\Users\saurabhd\AppData\Local\Programs\Microsoft VS Code\bin;C:\Users\saurabhd\.dotnet\tools;C:\Program Files\NVIDIA GPU Computing Toolkit\CUDA\v10.1\bin\;C:\Users\saurabhd\AppData\Local\Microsoft\WindowsApps;C:\Users\saurabhd\AppData\Local\GitHubDesktop\bin;C:\Users\saurabhd\AppData\Roaming\npm;C:\Users\saurabhd\.dotnet\tools;C:\Program Files\Azure Data Studio\bin;C:\Users\saurabhd\MyTools\PwshCore;
PATHEXT=.COM;.EXE;.BAT;.CMD;.VBS;.VBE;.JS;.JSE;.WSF;.WSH;.MSC;.CPL
PROCESSOR_ARCHITECTURE=AMD64
PROCESSOR_IDENTIFIER=Intel64 Family 6 Model 158 Stepping 9, GenuineIntel
PROCESSOR_LEVEL=6
PROCESSOR_REVISION=9e09
PROGRAMDATA=C:\ProgramData
PROGRAMFILES=C:\Program Files
PROGRAMFILES(X86)=C:\Program Files (x86)
PROGRAMW6432=C:\Program Files
PSMODULEPATH=C:\Users\saurabhd\Documents\WindowsPowerShell\Modules;C:\Program Files\WindowsPowerShell\Modules;C:\WINDOWS\system32\WindowsPowerShell\v1.0\Modules
PUBLIC=C:\Users\Public
SESSIONNAME=Console
SYSTEMDRIVE=C:
SYSTEMROOT=C:\WINDOWS
TEMP=C:\Users\saurabhd\AppData\Local\Temp
TMP=C:\Users\saurabhd\AppData\Local\Temp
USERDOMAIN=SAURABHDWIN10
USERDOMAIN_ROAMINGPROFILE=SAURABHDWIN10
USERNAME=saurabhd
USERPROFILE=C:\Users\saurabhd
VIRTUAL_ENV=C:\Users\saurabhd\MyTrials\Python\any-python\.venv
VSTO_LOGALERTS=1
WINDIR=C:\WINDOWS
WORKSPACE=C:\Users\saurabhd\Apex\ApexIngestion
ZES_ENABLE_SYSMAN=1
TERM_PROGRAM=vscode
TERM_PROGRAM_VERSION=1.83.1
LANG=en_US.UTF-8
COLORTERM=truecolor
GIT_ASKPASS=c:\Users\saurabhd\AppData\Local\Programs\Microsoft VS Code\resources\app\extensions\git\dist\askpass.sh
VSCODE_GIT_ASKPASS_NODE=C:\Users\saurabhd\AppData\Local\Programs\Microsoft VS Code\Code.exe
VSCODE_GIT_ASKPASS_EXTRA_ARGS=--ms-enable-electron-run-as-node
VSCODE_GIT_ASKPASS_MAIN=c:\Users\saurabhd\AppData\Local\Programs\Microsoft VS Code\resources\app\extensions\git\dist\askpass-main.js
VSCODE_GIT_IPC_HANDLE=\\.\pipe\vscode-git-30d56f80a2-sock
VSCODE_ENV_PREPEND=PATH=C\x3a\Users\saurabhd\MyTrials\Python\any-python\.venv\Scripts;
VSCODE_ENV_REPLACE=PATHEXT=.COM;.EXE;.BAT;.CMD;.VBS;.VBE;.JS;.JSE;.WSF;.WSH;.MSC;.CPL:PSMODULEPATH=C\x3a\Users\saurabhd\Documents\WindowsPowerShell\Modules;C\x3a\Program Files\WindowsPowerShell\Modules;C\x3a\WINDOWS\system32\WindowsPowerShell\v1.0\Modules:PYTHONIOENCODING=utf-8:PYTHONUNBUFFERED=1:VIRTUAL_ENV=C\x3a\Users\saurabhd\MyTrials\Python\any-python\.venv:_OLD_VIRTUAL_PATH=C\x3a\Program Files\Common Files\Microsoft Shared\Microsoft Online Services;C\x3a\Program Files (x86)\Common Files\Microsoft Shared\Microsoft Online Services;C\x3a\Program Files (x86)\Microsoft SDKs\Azure\CLI2\wbin;C\x3a\Program Files\Microsoft MPI\Bin\;C\x3a\WINDOWS\system32;C\x3a\WINDOWS;C\x3a\WINDOWS\System32\Wbem;C\x3a\WINDOWS\System32\WindowsPowerShell\v1.0\;C\x3a\Program Files\Microsoft SQL Server\130\Tools\Binn\;C\x3a\Program Files (x86)\PDFtk Server\bin\;C\x3a\WINDOWS\System32\OpenSSH\;C\x3a\Program Files (x86)\NVIDIA Corporation\PhysX\Common;C\x3a\Program Files\Git\cmd;C\x3a\Program Files\TortoiseGit\bin;C\x3a\Program Files\Intel\WiFi\bin\;C\x3a\Program Files\Common Files\Intel\WirelessCommon\;C\x3a\Users\corresilience\AppData\Local\Microsoft\WindowsApps;C\x3a\Users\corresilience\.dotnet\tools;C\x3a\Users\corresilience\AppData\Local\Programs\Microsoft VS Code\bin;C\x3a\truetemp\arm-template-creator;C\x3a\ProgramData\chocolatey\bin;C\x3a\Program Files\Java\jdk1.8.0_211\bin;C\x3a\Users\corresilience\AppData\Local\Yarn\bin;C\x3a\Users\corresilience\AppData\Roaming\npm;C\x3a\Users\corresilience\AppData\Local\Android\Sdk\platform-tools;C\x3a\Users\corresilience\MyTrials\JIRA\1066-TDL\amt-tool\arm-template-creator;C\x3a\Program Files (x86)\Yarn\bin\;C\x3a\Program Files (x86)\GitExtensions\;C\x3a\Users\corresilience\AppData\Roaming\nvm;C\x3a\Program Files\nodejs;C\x3a\Users\corresilience\AppData\Local\Programs\Fiddler;C\x3a\Users\corresilience\AppData\Local\Programs\Azure Data Studio\bin;C\x3a\Users\corresilience\source\repos\CorResilience.Mobile.Gateway\03. tools\arm-template-creator;C\x3a\WINDOWS\system32;C\x3a\WINDOWS;C\x3a\WINDOWS\System32\Wbem;C\x3a\WINDOWS\System32\WindowsPowerShell\v1.0\;C\x3a\WINDOWS\System32\OpenSSH\;C\x3a\Program Files\Microsoft\Azure Functions Core Tools\;C\x3a\Program Files\nodejs\;C\x3a\Program Files (x86)\Microsoft SQL Server\150\DTS\Binn\;C\x3a\Program Files\Azure Data Studio\bin;C\x3a\Program Files (x86)\Microsoft SQL Server\110\DTS\Binn\;C\x3a\Program Files (x86)\Microsoft SQL Server\120\DTS\Binn\;C\x3a\Program Files (x86)\Microsoft SQL Server\130\DTS\Binn\;C\x3a\Program Files (x86)\Microsoft SQL Server\140\DTS\Binn\;C\x3a\Program Files\Docker\Docker\resources\bin;C\x3a\ProgramData\DockerDesktop\version-bin;C\x3a\Program Files\dotnet\;C\x3a\Program Files\Microsoft SQL Server\150\Tools\Binn\;C\x3a\Program Files\Microsoft SQL Server\Client SDK\ODBC\170\Tools\Binn\;c\x3a\Program Files (x86)\Intel\Intel(R) Management Engine Components\DAL;c\x3a\Program Files\Intel\Intel(R) Management Engine Components\DAL;C\x3a\Users\saurabhd\AppData\Local\Microsoft\WindowsApps;C\x3a\Users\saurabhd\AppData\Local\Programs\Microsoft VS Code\bin;C\x3a\Users\saurabhd\.dotnet\tools;C\x3a\Program Files\NVIDIA GPU Computing Toolkit\CUDA\v10.1\bin\;C\x3a\Users\saurabhd\AppData\Local\Microsoft\WindowsApps;C\x3a\Users\saurabhd\AppData\Local\GitHubDesktop\bin;C\x3a\Users\saurabhd\AppData\Roaming\npm;C\x3a\Users\saurabhd\.dotnet\tools;C\x3a\Program Files\Azure Data Studio\bin;C\x3a\Users\saurabhd\MyTools\PwshCore;
PYTHONIOENCODING=utf-8
PYTHONUNBUFFERED=1
_OLD_VIRTUAL_PATH=C:\Program Files\Common Files\Microsoft Shared\Microsoft Online Services;C:\Program Files (x86)\Common Files\Microsoft Shared\Microsoft Online Services;C:\Program Files (x86)\Microsoft SDKs\Azure\CLI2\wbin;C:\Program Files\Microsoft MPI\Bin\;C:\WINDOWS\system32;C:\WINDOWS;C:\WINDOWS\System32\Wbem;C:\WINDOWS\System32\WindowsPowerShell\v1.0\;C:\Program Files\Microsoft SQL Server\130\Tools\Binn\;C:\Program Files (x86)\PDFtk Server\bin\;C:\WINDOWS\System32\OpenSSH\;C:\Program Files (x86)\NVIDIA Corporation\PhysX\Common;C:\Program Files\Git\cmd;C:\Program Files\TortoiseGit\bin;C:\Program Files\Intel\WiFi\bin\;C:\Program Files\Common Files\Intel\WirelessCommon\;C:\Users\corresilience\AppData\Local\Microsoft\WindowsApps;C:\Users\corresilience\.dotnet\tools;C:\Users\corresilience\AppData\Local\Programs\Microsoft VS Code\bin;C:\truetemp\arm-template-creator;C:\ProgramData\chocolatey\bin;C:\Program Files\Java\jdk1.8.0_211\bin;C:\Users\corresilience\AppData\Local\Yarn\bin;C:\Users\corresilience\AppData\Roaming\npm;C:\Users\corresilience\AppData\Local\Android\Sdk\platform-tools;C:\Users\corresilience\MyTrials\JIRA\1066-TDL\amt-tool\arm-template-creator;C:\Program Files (x86)\Yarn\bin\;C:\Program Files (x86)\GitExtensions\;C:\Users\corresilience\AppData\Roaming\nvm;C:\Program Files\nodejs;C:\Users\corresilience\AppData\Local\Programs\Fiddler;C:\Users\corresilience\AppData\Local\Programs\Azure Data Studio\bin;C:\Users\corresilience\source\repos\CorResilience.Mobile.Gateway\03. tools\arm-template-creator;C:\WINDOWS\system32;C:\WINDOWS;C:\WINDOWS\System32\Wbem;C:\WINDOWS\System32\WindowsPowerShell\v1.0\;C:\WINDOWS\System32\OpenSSH\;C:\Program Files\Microsoft\Azure Functions Core Tools\;C:\Program Files\nodejs\;C:\Program Files (x86)\Microsoft SQL Server\150\DTS\Binn\;C:\Program Files\Azure Data Studio\bin;C:\Program Files (x86)\Microsoft SQL Server\110\DTS\Binn\;C:\Program Files (x86)\Microsoft SQL Server\120\DTS\Binn\;C:\Program Files (x86)\Microsoft SQL Server\130\DTS\Binn\;C:\Program Files (x86)\Microsoft SQL Server\140\DTS\Binn\;C:\Program Files\Docker\Docker\resources\bin;C:\ProgramData\DockerDesktop\version-bin;C:\Program Files\dotnet\;C:\Program Files\Microsoft SQL Server\150\Tools\Binn\;C:\Program Files\Microsoft SQL Server\Client SDK\ODBC\170\Tools\Binn\;c:\Program Files (x86)\Intel\Intel(R) Management Engine Components\DAL;c:\Program Files\Intel\Intel(R) Management Engine Components\DAL;C:\Users\saurabhd\AppData\Local\Microsoft\WindowsApps;C:\Users\saurabhd\AppData\Local\Programs\Microsoft VS Code\bin;C:\Users\saurabhd\.dotnet\tools;C:\Program Files\NVIDIA GPU Computing Toolkit\CUDA\v10.1\bin\;C:\Users\saurabhd\AppData\Local\Microsoft\WindowsApps;C:\Users\saurabhd\AppData\Local\GitHubDesktop\bin;C:\Users\saurabhd\AppData\Roaming\npm;C:\Users\saurabhd\.dotnet\tools;C:\Program Files\Azure Data Studio\bin;C:\Users\saurabhd\MyTools\PwshCore;
Before sleep
Finishing...
